{"level":"error","message":"Error adding route /v1/protected/user: \n ⨯ Unable to compile TypeScript:\nsrc/api/v1/protected/user/controller.ts(34,13): error TS2339: Property '_id' does not exist on type 'Omit<IUser, \"password\"> | null | undefined'.\r\n","timestamp":"2024-10-10T23:19:18.999Z"}
{"level":"error","message":"Error adding route /v1/protected/user: \n ⨯ Unable to compile TypeScript:\nsrc/api/v1/protected/user/controller.ts(34,13): error TS2339: Property '_id' does not exist on type 'Omit<IUser, \"password\"> | null | undefined'.\r\nsrc/api/v1/protected/user/controller.ts(39,7): error TS2552: Cannot find name 'userId'. Did you mean 'User'?\r\n","timestamp":"2024-10-10T23:20:06.048Z"}
{"level":"error","message":"Error adding route /v1/protected/user: \n ⨯ Unable to compile TypeScript:\nsrc/api/v1/protected/user/controller.ts(34,13): error TS2339: Property 'userId' does not exist on type 'Omit<IUser, \"password\"> | null | undefined'.\r\nsrc/api/v1/protected/user/controller.ts(39,7): error TS2552: Cannot find name 'userId'. Did you mean 'User'?\r\n","timestamp":"2024-10-10T23:20:16.387Z"}
{"level":"error","message":"Error adding route /v1/protected/user: \n ⨯ Unable to compile TypeScript:\nsrc/api/v1/protected/user/controller.ts(34,13): error TS2339: Property '_id' does not exist on type 'Omit<IUser, \"password\"> | null | undefined'.\r\nsrc/api/v1/protected/user/controller.ts(39,7): error TS2552: Cannot find name 'userId'. Did you mean 'User'?\r\n","timestamp":"2024-10-10T23:21:59.801Z"}
{"level":"error","message":"Error adding route /v1/protected/user: \n ⨯ Unable to compile TypeScript:\nsrc/api/v1/protected/user/controller.ts(34,13): error TS2339: Property '_id' does not exist on type 'Omit<IUser, \"password\"> | null | undefined'.\r\nsrc/api/v1/protected/user/controller.ts(39,7): error TS2552: Cannot find name 'userId'. Did you mean 'User'?\r\n","timestamp":"2024-10-10T23:22:47.084Z"}
{"level":"error","message":"Error adding route /v1/protected/user: \n ⨯ Unable to compile TypeScript:\nsrc/api/v1/protected/user/controller.ts(34,13): error TS2339: Property '_id' does not exist on type 'Omit<IUser, \"password\"> | null | undefined'.\r\nsrc/api/v1/protected/user/controller.ts(39,7): error TS2552: Cannot find name 'userId'. Did you mean 'User'?\r\n","timestamp":"2024-10-10T23:23:07.976Z"}
{"level":"error","message":"Error connecting to Database","timestamp":"2024-10-11T00:09:47.246Z"}
{"level":"error","message":"Error adding route /v1/protected/devlinks: \n ⨯ Unable to compile TypeScript:\nsrc/api/v1/protected/devlinks/route.ts(2,10): error TS2305: Module '\"./controller\"' has no exported member 'findUserById'.\r\nsrc/api/v1/protected/devlinks/route.ts(2,24): error TS2305: Module '\"./controller\"' has no exported member 'updateUser'.\r\n","timestamp":"2024-10-11T10:47:44.352Z"}
{"level":"error","message":"Error adding route /v1/protected/devlinks: \n ⨯ Unable to compile TypeScript:\nsrc/api/v1/protected/devlinks/route.ts(2,10): error TS2305: Module '\"./controller\"' has no exported member 'findUserById'.\r\nsrc/api/v1/protected/devlinks/route.ts(2,24): error TS2305: Module '\"./controller\"' has no exported member 'updateUser'.\r\n","timestamp":"2024-10-11T10:51:25.135Z"}
{"level":"error","message":"Error adding route /v1/protected/devlinks: \n ⨯ Unable to compile TypeScript:\nsrc/api/v1/protected/devlinks/route.ts(2,10): error TS2305: Module '\"./controller\"' has no exported member 'findUserById'.\r\nsrc/api/v1/protected/devlinks/route.ts(2,24): error TS2305: Module '\"./controller\"' has no exported member 'updateUser'.\r\n","timestamp":"2024-10-11T10:53:00.602Z"}
{"level":"error","message":"Error adding route /v1/protected/devlinks: \n ⨯ Unable to compile TypeScript:\nsrc/api/v1/protected/devlinks/route.ts(2,10): error TS2305: Module '\"./controller\"' has no exported member 'findUserById'.\r\nsrc/api/v1/protected/devlinks/route.ts(2,24): error TS2305: Module '\"./controller\"' has no exported member 'updateUser'.\r\n","timestamp":"2024-10-11T10:53:26.173Z"}
{"level":"error","message":"Error adding route /v1/previewLinks/devlinks: \n ⨯ Unable to compile TypeScript:\nsrc/api/v1/previewLinks/devlinks/route.ts(2,10): error TS2305: Module '\"./controller\"' has no exported member 'findUserById'.\r\nsrc/api/v1/previewLinks/devlinks/route.ts(2,24): error TS2305: Module '\"./controller\"' has no exported member 'updateUser'.\r\n","timestamp":"2024-10-11T10:54:51.926Z"}
{"level":"error","message":"Error adding route /v1/protected/devlinks: \n ⨯ Unable to compile TypeScript:\nsrc/api/v1/protected/devlinks/route.ts(2,10): error TS2305: Module '\"./controller\"' has no exported member 'findUserById'.\r\nsrc/api/v1/protected/devlinks/route.ts(2,24): error TS2305: Module '\"./controller\"' has no exported member 'updateUser'.\r\n","timestamp":"2024-10-11T10:54:58.407Z"}
{"level":"error","message":"Error adding routes: Invalid character found: ' ' in the D:\\DevLink-project\\backend\\src\\api\\v1\\previewLinks copy.","stack":"Error: Invalid character found: ' ' in the D:\\DevLink-project\\backend\\src\\api\\v1\\previewLinks copy.\n    at D:\\DevLink-project\\backend\\src\\utils\\addRoutesFromFolders.ts:34:13\n    at Array.forEach (<anonymous>)\n    at checkInvalidCharacters (D:\\DevLink-project\\backend\\src\\utils\\addRoutesFromFolders.ts:32:21)\n    at D:\\DevLink-project\\backend\\src\\utils\\addRoutesFromFolders.ts:113:11\n    at Array.map (<anonymous>)\n    at traverseDirectory (D:\\DevLink-project\\backend\\src\\utils\\addRoutesFromFolders.ts:110:13)\n    at async D:\\DevLink-project\\backend\\src\\utils\\addRoutesFromFolders.ts:114:11\n    at async Promise.all (index 1)\n    at async traverseDirectory (D:\\DevLink-project\\backend\\src\\utils\\addRoutesFromFolders.ts:109:5)\n    at async addRoutesFromFolders (D:\\DevLink-project\\backend\\src\\utils\\addRoutesFromFolders.ts:120:3)","timestamp":"2024-10-11T10:55:26.899Z"}
{"level":"error","message":"Error adding route /v1/previewLinks: \n ⨯ Unable to compile TypeScript:\nsrc/api/v1/previewLinks/route.ts(2,10): error TS2305: Module '\"./controller\"' has no exported member 'createDevLinks'.\r\nsrc/api/v1/previewLinks/route.ts(2,26): error TS2305: Module '\"./controller\"' has no exported member 'updateDevLinks'.\r\n","timestamp":"2024-10-11T10:56:46.504Z"}
{"level":"error","message":"Error adding route /v1/previewLinks: \n ⨯ Unable to compile TypeScript:\nsrc/api/v1/previewLinks/route.ts(2,10): error TS2305: Module '\"./controller\"' has no exported member 'createDevLinks'.\r\nsrc/api/v1/previewLinks/route.ts(2,26): error TS2305: Module '\"./controller\"' has no exported member 'updateDevLinks'.\r\n","timestamp":"2024-10-11T10:57:15.348Z"}
{"level":"error","message":"Error adding route /v1/previewLinks: \n ⨯ Unable to compile TypeScript:\nsrc/api/v1/previewLinks/route.ts(2,10): error TS2305: Module '\"./controller\"' has no exported member 'createDevLinks'.\r\nsrc/api/v1/previewLinks/route.ts(2,26): error TS2305: Module '\"./controller\"' has no exported member 'updateDevLinks'.\r\n","timestamp":"2024-10-11T10:57:42.048Z"}
{"level":"error","message":"Error adding route /v1/previewLinks: \n ⨯ Unable to compile TypeScript:\nsrc/api/v1/previewLinks/route.ts(2,10): error TS2305: Module '\"./controller\"' has no exported member 'createDevLinks'.\r\nsrc/api/v1/previewLinks/route.ts(2,26): error TS2305: Module '\"./controller\"' has no exported member 'updateDevLinks'.\r\n","timestamp":"2024-10-11T10:58:51.880Z"}
{"level":"error","message":"Error adding route /v1/previewLinks: \n ⨯ Unable to compile TypeScript:\nsrc/api/v1/previewLinks/route.ts(2,10): error TS2305: Module '\"./controller\"' has no exported member 'createDevLinks'.\r\nsrc/api/v1/previewLinks/route.ts(2,26): error TS2305: Module '\"./controller\"' has no exported member 'updateDevLinks'.\r\n","timestamp":"2024-10-11T10:59:09.403Z"}
{"level":"error","message":"Error adding route /v1/previewLinks: \n ⨯ Unable to compile TypeScript:\nsrc/api/v1/previewLinks/route.ts(2,10): error TS2305: Module '\"./controller\"' has no exported member 'createDevLinks'.\r\nsrc/api/v1/previewLinks/route.ts(2,26): error TS2305: Module '\"./controller\"' has no exported member 'updateDevLinks'.\r\n","timestamp":"2024-10-11T10:59:48.704Z"}
{"level":"error","message":"Error adding route /v1/protected/devlinks: \n ⨯ Unable to compile TypeScript:\nsrc/api/v1/protected/devlinks/route.ts(2,26): error TS2305: Module '\"./controller\"' has no exported member 'updateDevLinks'.\r\n","timestamp":"2024-10-11T11:18:30.434Z"}
{"level":"error","message":"Error adding route /v1/protected/devlinks: \n ⨯ Unable to compile TypeScript:\nsrc/api/v1/protected/devlinks/controller.ts(14,9): error TS1005: ',' expected.\r\nsrc/api/v1/protected/devlinks/controller.ts(15,9): error TS1005: ',' expected.\r\n","timestamp":"2024-10-11T13:55:02.664Z"}
